----- 5/6/2012 6:7:5 - Account Manager (177.96.56.102) -----
Comment: 
Graphic Engine: OpenGL (1)
Operating System: Windows XP Professional in BRA
Processor: Dual Core Intel Pentium E5400 @ 2
Video Card: NVIDIA GeForce 9400 GT
Last Packet Types: 162 141 130 161 160 120 121 120 120 120
Last Packet: 010 231 052 000 016 050 000 000 100 237 001 234 002 008 029 255
Player Position: [493,746,8]
Player Name: Elite Infernalist (Rad Tibia Server 3)
Player Action: 050 048 056 046 052 051 046 050 053 049 046 054 056 058 055 049 055 050
Player.cpp 361: exception occurred, reason:
Network.cpp 981: exception occurred (ErrorCode = 0), reason:
NWin32Exception.cpp 98: win32 exception occurred, reason:
invalid handle
Fri May 25 21:13:54 2012
Debug Assertion 9.53 NWin32Exception.cpp 98

----- 19/9/2012 15:22:32 - Comedinha (192.168.1.7) -----
Comment: 
Graphic Engine: DirectX9 (2)
Operating System: Windows XP Professional in BRA
Processor: AMD Sempron 3000+
Video Card: NVIDIA GeForce 8500 GT
Last Packet Types: 210 030 131 180 180 162 141 130 161 160
Last Packet: 030 210 001 000 000 000 015 000 065 099 099 111 117 110 116 032
Player Position: [100,40,6]
Player Name: Comedinha (Alissow)
Player Action: 049 057 050 046 049 054 056 046 049 046 050 058 055 049 055 050
Player.cpp 366: exception occurred, reason:
Network.cpp 979: exception occurred (ErrorCode = 0), reason:
Control.cpp 1472: exception occurred (Type = 210) (MainWindow = 27462136), reason:
Communication.cpp 3760: exception occurred (CharacterID = 1), reason:
Network.cpp 508: exception occurred (MaxLength = 128), reason:
Utils.cpp 500: assertion failed (Position = 31) (Size = 32), reason:
Position<=Size-2
Wed Sep 19 14:14:05 2012
Debug Assertion 9.63 Utils.cpp 500

----- 25/10/2012 18:52:6 - Bolter (187.52.167.61) -----
Comment: 
Graphic Engine: DirectX9 (2)
Operating System: Windows 7 Ultimate Edition 32 Bit in BRA
Processor: Dual Core Intel Pentium E5400 @ 2
Video Card: NVIDIA GeForce GT 240
Last Packet Types: 109 109 109 109 029 109 030 109 180 180
Last Packet: 109 095 000 042 000 004 001 095 000 043 000 004 000 000 000 000
Player Position: [99,38,6]
Player Name: Bolter (Alissow)
Player Action: 049 055 055 046 051 053 046 049 049 049 046 049 053 057 058 055 049 055 050
Player.cpp 366: exception occurred, reason:
Network.cpp 979: exception occurred (ErrorCode = 0), reason:
Control.cpp 1494: exception occurred (Type = -1) (MainWindow = 35840864), reason:
Network.cpp 450: exception occurred, reason:
Network.cpp 437: exception occurred, reason:
Network.cpp 403: packet size does not fit to symmetric encryption (PacketSize = 24557)
Thu Oct 25 18:52:12 2012
Debug Assertion 9.70 Network.cpp 403

----- 7/11/2012 16:19:52 - Kils (177.87.105.201) -----

Graphic Engine: DirectX9 (2)
Operating System: Windows 7 Business Edition 32 Bit in BRA
Processor: Dual Core Intel Pentium T4500 @ 2
Video Card: Mobile Intel (R) 4 SER
Last Packet Types: 142 029 030 029 160 106 114 131 160 112
Last Packet: 142 073 043 000 016 218 001 000 000 000 000 000 000 000 000 000
Player Position: [176,113,7]
Player Name: Kils (Alissow)
Player Action: 049 056 057 046 050 057 046 053 054 046 052 049 058 055 049 055 050
Player.cpp 366: exception occurred, reason:
Player.cpp 470: exception occurred, reason:
Control.cpp 1992: exception occurred (MessageType: 0 MaW: 1F0E0F0 MoW: 0), reason:
Control.cpp 1987: exception occurred, reason:
Control.cpp 519: exception occurred (Force?1:0 = 0), reason:
MainWindow.cpp 124: exception occurred (Surface = 1), reason:
GUI.cpp 1647: exception occurred (Surface = 1), reason:
MapWindow.cpp 856: exception occurred (Surface = 1), reason:
MapWindow.cpp 535: exception occurred (Obj = 4597), reason:
MapWindow.cpp 1156: exception occurred (posx = 160) (posy = 160), reason:
MapWindow.cpp 1059: exception occurred (i = 0) (Creatures[i]->OutfitType = 474), reason:
MapWindow.cpp 1024: exception occurred, reason:
MapWindow.cpp 1267: outfit has not all four directions (Creature->OutfitType = 474) (GetOutfitPatternWidth(Creature->OutfitType) = 1)
Wed Nov 07 14:53:04 2012
Debug Assertion 9.70 MapWindow.cpp 1267

----- 25/4/2013 19:3:27 - Comedinha (189.29.55.82) -----
Comment: sd
Graphic Engine: DirectX9 (2)
Operating System: Windows Vista Family in USA
Processor: Intel Celeron 570 @ 2.2
Video Card: MICROSOFT
Last Packet Types: 110 109 030 162 141 130 161 160 121 121
Last Packet: 109 079 000 063 000 006 001 078 000 063 000 006 110 000 169 013
Player Position: [86,62,6]
Player Name: Comedinha (Alissow)
Player Action: 049 057 050 046 057 053 046 052 048 046 049 055 050 058 055 049 055 050
Player.cpp 343: exception occurred, reason:
Network.cpp 979: exception occurred (ErrorCode = 0), reason:
Control.cpp 1496: exception occurred (Type = 110) (MainWindow = 50478528), reason:
Communication.cpp 2654: exception occurred, reason:
Communication.cpp 2631: assertion failed (NumberOfContentObjects = 103) (NumberOfSlotsPerPage = 3), reason:
NumberOfContentObjects <= NumberOfSlotsPerPage
Thu Apr 25 19:59:47 2013
Debug Assertion 9.86 Communication.cpp 2631

