[7/4/2013 20:52:34] /reload move
[7/4/2013 21:5:59] /reload npcs
[7/4/2013 21:7:18] /reload pcs
[7/4/2013 21:7:21] /reload npcs
[7/4/2013 21:21:33] /reload npcs
[7/4/2013 21:22:35] /reload npcs
[7/4/2013 21:24:8] /reload npc
[7/4/2013 21:26:29] /reload npc
[7/4/2013 21:27:33] /reload npc
[7/4/2013 22:37:11] /town 1
[7/4/2013 22:37:13] /town 2
[7/4/2013 22:37:16] /town
[7/4/2013 22:37:26] /town Flam
[24/4/2013 19:5:18] /t
[24/4/2013 19:7:54] /i magic sword
[24/4/2013 19:8:7] /attr set attack number "999999999
[24/4/2013 19:8:20] /attr set number attack "9999999999
[24/4/2013 19:8:29] /clean
[24/4/2013 19:39:27] /i 2000
[24/4/2013 19:44:40] /t
[27/4/2013 6:48:0] /t
[27/4/2013 7:7:59] /storage comedinha, 42329
[27/4/2013 7:11:9] /storage tester
[27/4/2013 7:11:11] /storage tester, 42329
