[25/12/2012 22:29:7] /a
[25/12/2012 22:29:42] /cliport
[25/12/2012 22:30:22] /a
[25/12/2012 22:30:26] /down
[25/12/2012 22:30:27] /a 
[25/12/2012 22:30:28] /a 
[25/12/2012 22:31:24] /r
[25/12/2012 22:31:25] /r
[25/12/2012 22:31:26] /r
[25/12/2012 22:31:29] /a
[25/12/2012 22:31:31] /a
[25/12/2012 22:31:44] /a
[25/12/2012 22:31:46] /up
[25/12/2012 22:32:4] /up
[25/12/2012 22:33:8] /tp
[25/12/2012 22:33:34] /tp
[25/12/2012 22:34:47] /tp
[25/12/2012 22:34:49] /tp
[25/12/2012 22:35:27] /e
[25/12/2012 22:35:30] /e open
[25/12/2012 22:36:26] /ban
[25/12/2012 22:36:50] /ban
[25/12/2012 22:38:9] /t
[25/12/2012 22:38:11] /town 1
[25/12/2012 22:38:12] /town 2
[25/12/2012 22:38:13] /town 3
[25/12/2012 22:38:14] /town 4
[25/12/2012 22:38:15] /town 5
[25/12/2012 22:38:16] /town 6
[25/12/2012 22:38:17] /town 7
[25/12/2012 22:38:18] /town 8
[25/12/2012 22:38:19] /town 9
[25/12/2012 22:38:21] /town 0
[25/12/2012 22:38:23] /town 10
[25/12/2012 22:38:24] /town 12
[25/12/2012 22:38:26] /town 11
[25/12/2012 22:38:27] /town 12
[25/12/2012 22:39:15] /town 12
[25/12/2012 22:39:16] /town 13
[25/12/2012 22:39:18] /town 14
[25/12/2012 22:39:19] /town 15
[25/12/2012 22:39:20] /town 16
[25/12/2012 22:39:20] /town 17
[25/12/2012 22:39:22] /town 11
[25/12/2012 22:44:11] /goto god
