[24/10/2012 22:48:29] /down
[24/10/2012 22:49:21] /t
[24/10/2012 22:54:15] /t
[25/10/2012 13:26:57] /goto dorbin
[25/10/2012 13:27:41] /t
[25/10/2012 13:30:3] /addskill
[25/10/2012 13:30:8] /addskill god, level, 199
[25/10/2012 13:30:19] /addskill god, level, -199
[25/10/2012 13:34:22] /reload npcs
[25/10/2012 13:43:23] /reload npcs
[25/10/2012 13:43:25] /goto frodo
[25/10/2012 15:59:11] /t
[25/10/2012 17:46:8] /i pick
[25/10/2012 17:50:46] /t
[25/10/2012 17:53:34] /i pick
[25/10/2012 17:54:6] /t
[25/10/2012 17:54:52] /reload npcs
[25/10/2012 17:57:46] /promote victor
[25/10/2012 17:57:47] /promote victor
[25/10/2012 17:57:47] /promote victor
[25/10/2012 17:57:48] /promote victor
[25/10/2012 17:57:51] /kick victor
[25/10/2012 17:58:10] /c victor
[25/10/2012 18:0:22] /c victor
[25/10/2012 18:0:30] /i pick
[25/10/2012 18:2:8] /i 355
[25/10/2012 18:2:14] /i 354
[25/10/2012 18:2:21] /down
[25/10/2012 18:2:41] /r
[25/10/2012 18:2:51] /i 384
[25/10/2012 18:3:3] /goto victor
[25/10/2012 18:4:53] /m draptor
[25/10/2012 18:4:57] /r
[25/10/2012 18:7:6] /reload talk
[25/10/2012 18:7:52] /reload talk
[25/10/2012 18:9:31] /reload talk
[25/10/2012 18:10:44] /reload talk
[25/10/2012 18:11:32] /t
[25/10/2012 18:11:34] /town 3
[25/10/2012 18:11:35] /town 4
[25/10/2012 18:17:1] /goto victor
[25/10/2012 18:20:51] /goto victor
[25/10/2012 18:30:43] /t
[25/10/2012 18:31:21] /t
[25/10/2012 18:36:36] /t
[25/10/2012 18:37:6] /r
[25/10/2012 18:37:7] /t
[25/10/2012 18:42:13] /promote bolter
[25/10/2012 18:42:14] /promote bolter
[25/10/2012 18:43:24] /promote bolter
[25/10/2012 18:43:24] /promote bolter
[25/10/2012 18:43:27] /kick bolter
[25/10/2012 18:43:49] /goto bolte
[25/10/2012 18:44:27] /goto bolter
[25/10/2012 18:45:0] /t
[25/10/2012 18:45:5] /c bolter
[25/10/2012 18:45:26] /goto bolter
[25/10/2012 18:45:28] /goto bolte
[25/10/2012 18:45:29] /goto bolter
[25/10/2012 18:45:44] /goto bolter
[25/10/2012 18:45:51] /t
[25/10/2012 18:45:53] /c bolter
[25/10/2012 18:46:49] /c bolter
[25/10/2012 18:51:59] /goto volter
[25/10/2012 18:52:1] /goto bolter
[25/10/2012 18:52:18] /c bolter
[25/10/2012 18:52:19] /c bolter
[25/10/2012 18:53:58] /save
[28/10/2012 23:17:21] /t
[28/10/2012 23:23:41] /reload talk
[28/10/2012 23:24:27] /reload talk
[28/10/2012 23:25:39] /reload talk
[28/10/2012 23:31:7] /reload talk
[28/10/2012 23:33:39] /reload talk
[28/10/2012 23:34:9] /reload talk
[28/10/2012 23:34:24] /reload talk
[28/10/2012 23:34:54] /reload talk
[28/10/2012 23:35:28] /reload talk
[28/10/2012 23:36:4] /reload talk
[28/10/2012 23:38:8] /reload talk
[28/10/2012 23:38:29] /reload talk
[28/10/2012 23:38:48] /reload talk
[28/10/2012 23:39:2] /reload talk
[28/10/2012 23:39:15] /reload talk
[28/10/2012 23:39:23] /r
[28/10/2012 23:39:24] /r
[28/10/2012 23:39:24] /r
[28/10/2012 23:39:24] /r
[28/10/2012 23:39:25] /r
[28/10/2012 23:40:28] /reload talk
[28/10/2012 23:41:11] /reload talk
[28/10/2012 23:41:42] /reload talk
[28/10/2012 23:41:54] /r
[28/10/2012 23:43:27] /reload talk
[28/10/2012 23:44:0] /reload talk
[28/10/2012 23:45:33] /reload talk
[28/10/2012 23:47:20] /reload talk
[28/10/2012 23:47:23] /c alissow
[28/10/2012 23:49:5] /reload talkaction
[28/10/2012 23:49:29] /reload talkaction
[28/10/2012 23:50:33] /reload talkactions
[5/11/2012 20:34:38] /t
[5/11/2012 20:35:21] /town 3
[5/11/2012 20:36:5] /a 2
[5/11/2012 20:36:24] /i rope
[5/11/2012 20:36:55] /attr set number attack 99999999999999
[5/11/2012 20:37:5] /t
[5/11/2012 20:40:19] /promote Otservhost
[5/11/2012 20:40:20] /promote Otservhost
[5/11/2012 20:40:20] /promote Otservhost
[5/11/2012 20:40:21] /promote Otservhost
[5/11/2012 20:40:22] /promote Otservhost
[5/11/2012 20:43:35] /r
[5/11/2012 20:48:43] /reload creaturescripts
[5/11/2012 20:50:11] /storage comedinha, 051120122046
[5/11/2012 20:50:29] /storage god, 051120122046
[5/11/2012 20:50:34] /storage god, 051120122046, -1
[5/11/2012 20:50:57] /storage god, 051120122046, -1
[5/11/2012 20:51:24] /storage god, 051120122046
[5/11/2012 20:51:30] /storage GOD, 051120122046
[5/11/2012 20:51:51] /storage GOD, 051120122046
[5/11/2012 20:52:7] /reload creaturescripts
[5/11/2012 20:53:3] /reload creaturescripts
[5/11/2012 20:53:5] /storage GOD, 051120122046
[5/11/2012 20:53:9] /storage GOD, 051120122046
[5/11/2012 20:53:13] /storage GOD, 051120122046
[5/11/2012 20:53:16] /storage GOD, 051120122046, 1
[5/11/2012 20:53:25] /storage GOD, 051120122046, -1
[5/11/2012 20:53:36] /storage GOD, 051120122046
[5/11/2012 20:54:24] /storage GOD, 051120122046
[5/11/2012 20:54:26] /storage GOD, 051120122046
[5/11/2012 20:54:32] /storage GOD, 051120122046
[5/11/2012 20:55:1] /reload creaturescripts
[5/11/2012 20:55:12] /storage GOD, 051120122046
[5/11/2012 20:55:26] /reload creaturescripts
[5/11/2012 20:55:32] /storage GOD, 051120122046
[5/11/2012 20:55:33] /storage GOD, 051120122046
[5/11/2012 20:56:8] /reload creaturescripts
[5/11/2012 20:57:3] /reload creaturescripts
[5/11/2012 20:57:8] /storage GOD, 051120122046
[5/11/2012 20:57:10] /storage GOD, 051120122046
[5/11/2012 20:57:13] /storage GOD, 051120122046
[5/11/2012 20:57:15] /storage GOD, 051120122046, 1
[5/11/2012 20:57:18] /storage GOD, 051120122046
[5/11/2012 20:57:22] /storage GOD, 051120122046, -1
[5/11/2012 20:57:59] /c Otservhost
[5/11/2012 20:58:3] /c Otservhost
[5/11/2012 20:58:4] /c Otservhost
[5/11/2012 20:58:52] /c Otservhost
[5/11/2012 21:1:33] /storage GOD, 171020122041
[5/11/2012 21:1:37] /storage GOD, 171020122041, -1
[5/11/2012 21:1:41] /storage GOD, 051120122046, -1
[5/11/2012 21:2:16] /reload creaturescripts
[5/11/2012 21:2:38] /storage GOD, 171020122041, -1
[5/11/2012 21:2:42] /reload creaturescripts
[5/11/2012 21:2:52] /reload creaturescripts
[5/11/2012 21:3:24] /reload creaturescripts
[5/11/2012 21:3:33] /storage GOD, 171020122041, -1
[5/11/2012 21:3:38] /storage GOD, 051120122046, -1
[5/11/2012 21:4:56] /reload creaturescripts
[5/11/2012 21:5:1] /storage GOD, 051120122046, -1
[5/11/2012 21:5:6] /storage GOD, 171020122041, -1
[5/11/2012 21:5:29] /storage GOD, 171020122041, -1
[5/11/2012 21:5:32] /storage GOD, 171020122041, -1
[5/11/2012 21:5:35] /storage GOD, 171020122041, -1
[5/11/2012 21:5:38] /storage GOD, 171020122041, -1
[5/11/2012 21:6:21] /storage GOD, 171020122041, -1
[5/11/2012 21:6:24] /storage GOD, 171020122041, -1
[5/11/2012 21:6:46] /storage GOD, 171020122041, -1
[5/11/2012 21:7:13] /reload creaturescripts
[5/11/2012 21:7:15] /storage GOD, 171020122041, -1
[5/11/2012 21:7:50] /storage GOD, 171020122041, -1
[5/11/2012 21:8:20] /reload creaturescripts
[5/11/2012 21:8:21] /storage GOD, 171020122041, -1
[5/11/2012 21:9:51] /reload creaturescripts
[5/11/2012 21:10:11] /reload creaturescripts
[5/11/2012 21:10:15] /storage GOD, 171020122041, -1
[5/11/2012 21:10:33] /reload creaturescripts
[5/11/2012 21:10:35] /storage GOD, 171020122041, -1
[5/11/2012 21:11:57] /reload creaturescripts
[5/11/2012 21:12:50] /reload creaturescripts
[5/11/2012 21:12:57] /storage GOD, 171020122041, -1
[5/11/2012 21:13:2] /storage GOD, 171020122041, -1
[5/11/2012 21:13:57] /storage GOD, 171020122041, -1
[5/11/2012 21:14:16] /storage GOD, 171020122041, -1
[5/11/2012 21:14:23] /storage GOD, 051120122046, -1
[5/11/2012 21:14:58] /storage GOD, 051120122046, -1
[5/11/2012 21:15:10] /storage GOD, 051120122046, -1
[5/11/2012 21:15:19] /storage GOD, 051120122046, -1
[5/11/2012 21:15:50] /storage GOD, 051120122046, -1
[5/11/2012 21:16:0] /storage GOD, 051120122046, -1
[5/11/2012 21:18:3] /reload creaturescripts
[5/11/2012 21:21:4] /reload creaturescripts
[5/11/2012 21:22:24] /reload creaturescripts
[5/11/2012 21:24:7] /reload talkactions
[5/11/2012 21:26:27] /reload creaturescripts
[5/11/2012 21:29:1] /reload creaturescripts
[5/11/2012 21:30:15] /reload creaturescripts
[5/11/2012 21:32:17] /reload creaturescripts
[5/11/2012 21:33:42] /reload creaturescripts
[5/11/2012 21:34:51] /t
[5/11/2012 21:34:53] /r
[5/11/2012 21:34:59] /reload creaturescript
[5/11/2012 21:35:29] /reload creaturescripts
[5/11/2012 21:37:9] /reload creaturescript
[5/11/2012 21:37:33] /reload creaturescript
[5/11/2012 21:38:8] /reload creaturescript
[5/11/2012 21:39:21] /r
[5/11/2012 21:40:12] /reload creaturescript
[5/11/2012 21:40:50] /reload creaturescripts
[5/11/2012 21:42:14] /reload creaturescript
[5/11/2012 21:42:41] /reload creaturescripts
[5/11/2012 21:43:38] /reload creaturescript
[6/11/2012 18:50:55] /reload npcs
[6/11/2012 18:50:57] /i alissow
[6/11/2012 18:50:59] /n alissow
[6/11/2012 18:51:13] /reload npcs
[6/11/2012 18:51:20] /reload npcs
[6/11/2012 18:51:23] /n alissow
[6/11/2012 18:52:2] /reload npcs
[6/11/2012 18:52:4] /n alissow
[6/11/2012 18:52:22] /n alissow
[6/11/2012 18:52:24] /reload npcs
[6/11/2012 18:52:25] /n alissow
[6/11/2012 18:53:31] /reload npcs
[6/11/2012 18:53:33] /n alissow
[6/11/2012 18:53:44] /t
[6/11/2012 18:53:46] /town 2
[6/11/2012 18:53:51] /t
[6/11/2012 18:53:53] /town 1
[6/11/2012 18:54:6] /t
[6/11/2012 18:55:47] /town 3
[6/11/2012 18:55:51] /town 3
[6/11/2012 18:56:1] /t
[6/11/2012 18:57:14] /town 3
[6/11/2012 18:57:15] /town 4
[6/11/2012 18:57:18] /town 5
[6/11/2012 18:57:20] /town 4
[6/11/2012 18:57:23] /t
[6/11/2012 18:58:39] /town 5
[6/11/2012 18:58:44] /t
[6/11/2012 18:58:46] /town 6
[6/11/2012 18:58:50] /t
[6/11/2012 18:58:53] /town 7
[6/11/2012 18:58:54] /town 8
[6/11/2012 18:59:1] /town 8
[6/11/2012 18:59:1] /t
[6/11/2012 18:59:5] /town 9
[6/11/2012 18:59:8] /t
[6/11/2012 18:59:9] /town 10
[6/11/2012 18:59:10] /town 11
[6/11/2012 18:59:15] /t
[6/11/2012 18:59:18] /town 12
[6/11/2012 18:59:19] /town 13
[6/11/2012 18:59:21] /town 14
[6/11/2012 18:59:21] /town 15
[6/11/2012 18:59:22] /town 16
[6/11/2012 18:59:23] /t
[6/11/2012 18:59:26] /town 1
[6/11/2012 19:21:46] /town 3
[6/11/2012 19:21:50] /town 4
[6/11/2012 19:21:53] /town 1
[6/11/2012 19:22:38] /town 4
[6/11/2012 19:22:39] /town 5
[6/11/2012 19:24:25] /a
[6/11/2012 19:24:26] /a
[6/11/2012 19:24:27] /a
[6/11/2012 19:24:31] /t
[6/11/2012 19:24:36] /town 3
[6/11/2012 19:25:15] /i shovel
[6/11/2012 19:25:30] /down
[6/11/2012 19:26:7] /a
[6/11/2012 19:26:8] /a
[6/11/2012 19:28:2] /i pick
[6/11/2012 19:31:5] /town 1
[6/11/2012 19:31:6] /town 2
[6/11/2012 19:35:58] /town 4
[6/11/2012 19:48:17] /town 5
[6/11/2012 19:48:19] /town 6
[6/11/2012 19:48:20] /town 7
[6/11/2012 19:48:21] /town 8
[6/11/2012 19:48:23] /town 8
[6/11/2012 19:48:24] /town 9
[6/11/2012 19:50:53] /town 3
[6/11/2012 19:51:6] /town 2
[6/11/2012 19:51:9] /town 3
[6/11/2012 19:51:10] /town 4
[6/11/2012 19:51:19] /town 5
[6/11/2012 19:51:22] /town 2
[6/11/2012 19:52:13] /t
[6/11/2012 19:52:30] /town 5
[6/11/2012 19:52:39] /town 6
[6/11/2012 19:52:52] /town 7
[6/11/2012 19:52:53] /town 8
[6/11/2012 19:53:13] /town 9
[6/11/2012 19:53:34] /town 10
[6/11/2012 19:53:35] /town 11
[6/11/2012 19:53:38] /town 12
[6/11/2012 19:53:38] /town 13
[6/11/2012 19:53:39] /town 14
[6/11/2012 19:53:54] /town 3
[6/11/2012 19:55:16] /t
[6/11/2012 20:1:15] /t
[6/11/2012 20:1:24] /down
[6/11/2012 20:2:31] /town 3
[6/11/2012 20:2:54] /town 4
[6/11/2012 20:3:23] /town 5
[6/11/2012 20:4:17] /i 6255
[6/11/2012 20:4:21] /i 6253
[6/11/2012 20:4:25] /i 6252
[6/11/2012 20:4:26] /i 6251
[6/11/2012 20:4:49] /i 6249
[6/11/2012 20:5:43] /i key
[6/11/2012 20:5:50] /i silver key
[6/11/2012 20:5:58] /attr set aid "9999
[6/11/2012 20:6:17] /attr aid "9999
[6/11/2012 20:9:0] /town 2
[6/11/2012 20:9:9] /town 1
[7/11/2012 14:4:19] /promote kit kat
[7/11/2012 14:4:19] /promote kit kat
[7/11/2012 14:4:20] /promote kit kat
[7/11/2012 14:4:21] /promote kit kat
[7/11/2012 14:4:26] /kick kit kat
[7/11/2012 14:4:39] /promote romario
[7/11/2012 14:4:39] /promote romario
[7/11/2012 14:4:40] /promote romario
[7/11/2012 14:4:41] /promote romario
[7/11/2012 14:4:49] /kick romario
[7/11/2012 14:5:40] /promote kils
[7/11/2012 14:5:40] /promote kils
[7/11/2012 14:5:41] /promote kils
[7/11/2012 14:5:41] /promote kils
[7/11/2012 14:5:45] /kick kils
[7/11/2012 14:6:6] /c kils
[7/11/2012 14:6:16] /goto kit kat
[7/11/2012 14:7:29] /c kit kat
[7/11/2012 14:7:53] /c kils
[7/11/2012 14:8:40] /promote kils
[7/11/2012 14:11:25] /c kit kat
[7/11/2012 14:12:1] /c kit kat
[7/11/2012 14:12:40] /c kit kat
[7/11/2012 14:13:21] /c kit kat
[7/11/2012 14:16:5] /t
[7/11/2012 14:16:7] /c kit kat
[7/11/2012 14:16:36] /c kit kat
[7/11/2012 14:16:51] /goto kit kat
[7/11/2012 14:17:27] /i 2160
[7/11/2012 14:18:10] /goto kils
[7/11/2012 14:18:14] /c kit kat
[7/11/2012 14:19:57] /reload actions
[7/11/2012 14:20:4] /c kils
[7/11/2012 14:24:53] /reload talkactions
[7/11/2012 14:25:7] /reload actions
[7/11/2012 14:25:52] /reload actions
[7/11/2012 14:26:53] /reload talkactions
[7/11/2012 14:26:56] /reload actions
[7/11/2012 14:27:56] /reload talkactions
[7/11/2012 14:27:57] /reload actions
[7/11/2012 14:28:19] /reload talkactions
[7/11/2012 14:28:22] /reload actions
[7/11/2012 14:28:32] /c kils
[7/11/2012 14:30:36] /reload actions
[7/11/2012 14:30:55] /addskill kils, level, 20
[7/11/2012 14:33:51] /reload actions
[7/11/2012 14:34:2] /goto kils
[7/11/2012 14:34:36] /goto kils
[7/11/2012 14:34:39] /goto kils
[7/11/2012 14:34:45] /t
[7/11/2012 14:35:2] /c kils
[7/11/2012 14:35:10] /goto kils
[7/11/2012 14:35:42] /goto kils
[7/11/2012 14:35:44] /goto kils
[7/11/2012 14:35:48] /goto kils
[7/11/2012 14:36:46] /goto kils
[7/11/2012 14:37:8] /goto kils
[7/11/2012 14:38:46] /goto kils
[7/11/2012 14:39:34] /goto kils
[7/11/2012 14:41:52] /reload actions
[7/11/2012 14:43:43] /attr set number attack "99999999999999999
[7/11/2012 14:44:7] /goto alissow
[7/11/2012 14:44:15] /i 2160
[7/11/2012 14:44:22] /goto kils
[7/11/2012 14:47:49] /goto romario
[7/11/2012 14:49:22] /newtype 500
[7/11/2012 14:49:23] /newtype 504
[7/11/2012 14:49:59] /c kil
[7/11/2012 14:50:0] /c kils
[7/11/2012 14:50:5] /newtype 300
[7/11/2012 14:50:7] /newtype 400
[7/11/2012 14:50:11] /newtype 499
[7/11/2012 14:50:13] /newtype 490
[7/11/2012 14:50:15] /newtype 470
[7/11/2012 14:50:17] /newtype 476
[7/11/2012 14:50:20] /newtype 450
[7/11/2012 14:50:22] /newtype 456
[7/11/2012 14:50:23] /newtype 457
[7/11/2012 14:50:24] /newtype 458
[7/11/2012 14:50:25] /newtype 459
[7/11/2012 14:50:27] /newtype 460
[7/11/2012 14:50:28] /newtype 461
[7/11/2012 14:50:28] /newtype 462
[7/11/2012 14:50:29] /newtype 463
[7/11/2012 14:50:31] /newtype 464
[7/11/2012 14:50:32] /newtype 465
[7/11/2012 14:50:32] /newtype 466
[7/11/2012 14:50:33] /newtype 467
[7/11/2012 14:50:35] /newtype 467
[7/11/2012 14:50:36] /newtype 466
[7/11/2012 14:50:38] /newtype 467
[7/11/2012 14:52:59] /reload talkactions
[7/11/2012 14:53:6] /newtype 474
[7/11/2012 14:54:47] /newtype 475
[7/11/2012 14:55:58] /clean
[7/11/2012 14:56:15] /newtype 473
[7/11/2012 14:56:16] /newtype 472
[7/11/2012 14:56:17] /newtype 471
[7/11/2012 14:56:18] /newtype 470
[7/11/2012 14:56:21] /newtype 459
[7/11/2012 14:56:26] /newtype 458
[7/11/2012 14:56:27] /newtype 457
[7/11/2012 14:56:28] /newtype 456
[7/11/2012 14:56:30] /newtype 458
[7/11/2012 14:56:30] /newtype 459
[7/11/2012 14:56:32] /newtype 460
[7/11/2012 14:56:33] /newtype 461
[7/11/2012 14:56:33] /newtype 462
[7/11/2012 14:56:34] /newtype 463
[7/11/2012 14:56:35] /newtype 464
[7/11/2012 14:56:36] /newtype 465
[7/11/2012 14:56:37] /newtype 466
[7/11/2012 14:56:38] /newtype 467
[7/11/2012 14:56:38] /newtype 468
[7/11/2012 14:56:39] /newtype 469
[7/11/2012 14:56:41] /newtype 470
[7/11/2012 14:56:42] /newtype 471
[7/11/2012 14:56:43] /newtype 472
[7/11/2012 14:56:44] /newtype 473
[7/11/2012 14:56:45] /newtype 474
[7/11/2012 14:59:56] /goto renato
[7/11/2012 15:0:0] /goto romario
[7/11/2012 15:4:46] /newtype 441
[7/11/2012 15:4:58] /newtype 466
[7/11/2012 15:4:59] /newtype 467
[7/11/2012 15:5:0] /newtype 468
[7/11/2012 15:5:1] /newtype 467
[7/11/2012 15:5:10] /reload talk
[7/11/2012 15:5:12] /newtype 467
[7/11/2012 15:5:14] /newtype 467
[7/11/2012 15:7:30] /reload talkactions
[7/11/2012 15:7:41] /newtype 473
[7/11/2012 15:7:43] /newtype 474
[7/11/2012 15:7:44] /newtype 475
[7/11/2012 15:7:44] /newtype 476
[7/11/2012 15:7:45] /newtype 477
[7/11/2012 15:7:48] /newtype 486
[7/11/2012 15:7:49] /newtype 487
[7/11/2012 15:7:50] /newtype 488
[7/11/2012 15:7:51] /newtype 489
[7/11/2012 15:7:54] /goto romario
[7/11/2012 15:8:7] /newtype 440
[7/11/2012 15:8:11] /newtype 486
[7/11/2012 15:8:14] /newtype 487
[7/11/2012 15:8:15] /newtype 488
[7/11/2012 15:8:15] /newtype 489
[7/11/2012 15:8:18] /newtype 490
[7/11/2012 15:8:19] /newtype 491
[7/11/2012 15:8:20] /newtype 492
[7/11/2012 15:8:20] /newtype 493
[7/11/2012 15:8:21] /newtype 494
[7/11/2012 15:8:22] /newtype 495
[7/11/2012 15:8:23] /newtype 496
[7/11/2012 15:8:24] /newtype 497
[7/11/2012 15:8:25] /newtype 498
[7/11/2012 15:8:26] /newtype 499
[7/11/2012 15:8:29] /newtype 500
[7/11/2012 15:8:29] /newtype 501
[7/11/2012 15:8:30] /newtype 502
[7/11/2012 15:8:31] /newtype 503
[7/11/2012 15:8:32] /newtype 504
[7/11/2012 15:8:32] /newtype 505
[7/11/2012 15:8:33] /newtype 506
[7/11/2012 15:8:34] /newtype 507
[7/11/2012 15:8:35] /newtype 508
[7/11/2012 15:8:36] /newtype 509
[7/11/2012 15:8:38] /newtype 510
[7/11/2012 15:8:39] /newtype 511
[7/11/2012 15:8:40] /newtype 512
[7/11/2012 15:8:40] /newtype 513
[7/11/2012 15:8:41] /newtype 514
[7/11/2012 15:8:42] /newtype 515
[7/11/2012 15:8:43] /newtype 516
[7/11/2012 15:8:43] /newtype 517
[7/11/2012 15:8:44] /newtype 518
[7/11/2012 15:8:45] /newtype 519
[7/11/2012 15:8:53] /newtype 520
[7/11/2012 15:8:54] /newtype 521
[7/11/2012 15:8:55] /newtype 522
[7/11/2012 15:8:56] /newtype 523
[7/11/2012 15:8:58] /newtype 522
[7/11/2012 15:9:33] /newtype 2160
[7/11/2012 15:10:12] /promote romario
[7/11/2012 15:13:31] /newtype 522
[7/11/2012 15:13:32] /newtype 521
[7/11/2012 15:13:43] /reload mounts
[7/11/2012 15:14:44] /newtype 500
[7/11/2012 15:14:45] /newtype 501
[7/11/2012 15:14:46] /newtype 502
[7/11/2012 15:14:47] /newtype 503
[7/11/2012 15:14:47] /newtype 504
[7/11/2012 15:14:48] /newtype 505
[7/11/2012 15:14:49] /newtype 506
[7/11/2012 15:14:50] /newtype 507
[7/11/2012 15:14:51] /newtype 508
[7/11/2012 15:14:53] /newtype 509
[7/11/2012 15:14:55] /newtype 510
[7/11/2012 15:14:55] /newtype 511
[7/11/2012 15:14:56] /newtype 512
[7/11/2012 15:14:58] /newtype 512
[7/11/2012 15:15:18] /newtype 513
[7/11/2012 15:15:20] /newtype 514
[7/11/2012 15:15:22] /newtype 515
[7/11/2012 15:15:23] /newtype 514
[7/11/2012 15:15:30] /newtype 515
[7/11/2012 15:15:30] /newtype 516
[7/11/2012 15:15:43] /newtype 511
[7/11/2012 15:15:45] /newtype 500
[7/11/2012 15:15:45] /newtype 501
[7/11/2012 15:15:46] /newtype 501
[7/11/2012 15:16:56] /newtype 502
[7/11/2012 15:16:57] /newtype 503
[7/11/2012 15:16:57] /newtype 504
[7/11/2012 15:16:58] /newtype 505
[7/11/2012 15:16:59] /newtype 506
[7/11/2012 15:16:59] /newtype 507
[7/11/2012 15:17:9] /newtype 501
[7/11/2012 15:19:3] /newtype 508
[7/11/2012 15:19:4] /newtype 509
[7/11/2012 15:19:6] /newtype 510
[7/11/2012 15:19:7] /newtype 511
[7/11/2012 15:19:7] /newtype 512
[7/11/2012 15:19:8] /newtype 513
[7/11/2012 15:19:10] /newtype 514
[7/11/2012 15:19:11] /newtype 515
[7/11/2012 15:19:11] /newtype 516
[7/11/2012 15:19:12] /newtype 517
[7/11/2012 15:19:13] /newtype 518
[7/11/2012 15:19:14] /newtype 519
[7/11/2012 15:19:19] /newtype 490
[7/11/2012 15:19:22] /newtype 480
[7/11/2012 15:19:23] /newtype 481
[7/11/2012 15:19:24] /newtype 482
[7/11/2012 15:19:24] /newtype 483
[7/11/2012 15:19:25] /newtype 484
[7/11/2012 15:19:26] /newtype 485
[7/11/2012 15:19:26] /newtype 486
[7/11/2012 15:19:27] /newtype 487
[7/11/2012 15:19:28] /newtype 488
[7/11/2012 15:19:28] /newtype 489
[7/11/2012 15:19:31] /newtype 490
[7/11/2012 15:19:31] /newtype 491
[7/11/2012 15:19:32] /newtype 492
[7/11/2012 15:19:33] /newtype 493
[7/11/2012 15:19:34] /newtype 493
[7/11/2012 15:19:54] /newtype 494
[7/11/2012 15:19:55] /newtype 495
[7/11/2012 15:19:56] /newtype 496
[7/11/2012 15:19:57] /newtype 497
[7/11/2012 15:19:57] /newtype 498
[7/11/2012 15:19:58] /newtype 499
[7/11/2012 15:20:4] /reload outfit
[7/11/2012 15:20:32] /newtype 507
[7/11/2012 16:32:28] /goto romario
[7/11/2012 16:32:31] /goto romario
[7/11/2012 16:32:33] /goto romario
[7/11/2012 16:35:15] /newtype 522
[7/11/2012 16:44:6] /i Noble Sword
[7/11/2012 16:45:24] /i Bronze Trophy of Excellence 
[7/11/2012 16:45:34] /i Bronze Cup of Honour 
[7/11/2012 16:46:49] /clean
[7/11/2012 17:0:56] /c romario
[7/11/2012 17:2:11] /reload actions
[7/11/2012 17:2:16] /reload actions
[7/11/2012 17:2:31] /reload actions
[7/11/2012 17:2:36] /reload actions
[7/11/2012 17:3:4] /reload actions
[7/11/2012 17:3:7] /reload actions
[7/11/2012 17:4:44] /reload actions
[7/11/2012 17:4:57] /reload actions
[7/11/2012 17:5:29] /storage god, 11554
[7/11/2012 17:7:44] /reload actions
[7/11/2012 17:8:8] /reload actions
[7/11/2012 17:8:16] /storage god, 11554
[7/11/2012 17:8:17] /storage god, 11554
[7/11/2012 17:8:21] /storage god, 11554
[7/11/2012 17:9:41] /reload actions
[7/11/2012 17:12:28] /goto romario
[7/11/2012 17:13:22] /c romario
[7/11/2012 17:16:45] /c romario
[7/11/2012 17:17:44] /town 3
[7/11/2012 17:17:45] /town 4
[7/11/2012 17:17:46] /town 5
[7/11/2012 17:17:47] /town 6
[7/11/2012 17:17:49] /town 7
[7/11/2012 17:17:50] /town 8
[7/11/2012 17:17:52] /town 9
[7/11/2012 17:17:54] /town 10
[7/11/2012 17:17:55] /town 11
[7/11/2012 17:17:56] /town 12
[7/11/2012 17:17:57] /town 13
[7/11/2012 17:17:58] /town 14
[7/11/2012 17:17:59] /town 15
[7/11/2012 17:18:0] /town 16
[7/11/2012 17:18:0] /town 17
[7/11/2012 17:18:1] /town 18
[7/11/2012 17:18:1] /town 19
[7/11/2012 17:18:4] /t
[7/11/2012 17:18:54] /addskill comedinha, level, 8
[7/11/2012 17:19:1] /addskill god, level, 8
[7/11/2012 17:19:4] /addskill god, level, 1
[7/11/2012 17:22:15] /reload npcs
[7/11/2012 17:22:26] /t
[7/11/2012 17:22:28] /t
[7/11/2012 17:22:29] /t
[7/11/2012 17:22:45] /c romario
[7/11/2012 17:23:38] /t
[7/11/2012 17:23:40] /town 1
[7/11/2012 17:24:42] /goto izac
[7/11/2012 17:28:5] /i jester hat
[7/11/2012 17:28:19] /storage 60023
[7/11/2012 17:28:27] /storage god, 60023
[7/11/2012 17:28:30] /storage god, 60023, -1
[7/11/2012 17:29:28] /t
[7/11/2012 17:37:37] /t
[7/11/2012 17:37:38] /t
[7/11/2012 17:37:41] /t
[7/11/2012 17:37:44] /town 1
[7/11/2012 17:38:58] /goto 390 76 5
[7/11/2012 17:39:0] /goto 390 76 5
[7/11/2012 17:41:57] /town 1
[7/11/2012 17:41:58] /town 2
[7/11/2012 17:42:1] /town 3
[7/11/2012 17:42:2] /town 4
[7/11/2012 17:42:3] /town 5
[7/11/2012 17:42:4] /town 6
[7/11/2012 17:42:6] /town 7
[7/11/2012 17:42:7] /town 8
[7/11/2012 17:42:8] /town 9
[7/11/2012 17:42:10] /town 10
[7/11/2012 17:42:11] /town 11
[7/11/2012 17:42:12] /town 12
[7/11/2012 17:42:57] /t
[7/11/2012 17:43:0] /town 1
[7/11/2012 17:44:23] /t
[7/11/2012 17:45:2] /c romario
[7/11/2012 17:48:39] /c romario
[7/11/2012 17:48:43] /c romario
[7/11/2012 17:48:49] /c romario
[7/11/2012 17:49:25] /c romario
[7/11/2012 17:49:28] /c romario
[7/11/2012 17:49:57] /c romario
[7/11/2012 17:50:6] /c romario
[7/11/2012 17:50:55] /t
[7/11/2012 17:50:58] /c romario
[7/11/2012 17:51:2] /town 12
[7/11/2012 17:51:6] /c romario
[7/11/2012 17:58:4] /down
[7/11/2012 18:1:12] /t
[7/11/2012 18:6:44] /goto romario
[7/11/2012 18:28:48] /t
[7/11/2012 18:32:9] /t
[26/11/2012 14:3:7] /prender GOD, 1
[26/11/2012 14:3:10] /prender GOD
[26/11/2012 14:9:4] /prender god, 1
[26/11/2012 14:9:11] /prender god, 20
[26/11/2012 14:9:23] /desprender
[26/11/2012 14:9:29] /desprender
[26/11/2012 14:9:33] /desprender god
[26/11/2012 14:9:39] /prender god
[26/11/2012 14:9:42] /desprender god
[26/11/2012 14:12:16] /prender god
[26/11/2012 14:12:32] /desprender god
[26/11/2012 14:12:47] /desprender god
[26/11/2012 14:12:48] /desprender god
[26/11/2012 14:17:17] /prender god
[26/11/2012 14:17:19] /desprender god
[26/11/2012 14:17:24] /desprender god
[26/11/2012 14:17:24] /desprender god
[26/11/2012 14:17:25] /desprender god
[26/11/2012 14:17:26] /desprender god
[26/11/2012 14:20:22] /desprender god
[26/11/2012 14:20:23] /desprender god
[26/11/2012 14:20:24] /desprender god
[26/11/2012 14:20:25] /desprender god
[26/11/2012 14:20:27] /desprender god
[26/11/2012 14:27:16] /prender god
[26/11/2012 14:27:18] /desprender god
[26/11/2012 14:27:21] /desprender god
[26/11/2012 14:27:22] /desprender god
[26/11/2012 14:29:39] /desprender god
[26/11/2012 14:29:43] /prender god
[26/11/2012 14:29:46] /desprender god
[26/11/2012 14:33:37] /prender
[26/11/2012 14:33:40] /desprender
[26/11/2012 14:35:1] /prender
[26/11/2012 14:35:3] /desprender
[26/11/2012 14:35:6] /prender comedinha
[26/11/2012 14:35:9] /prender god
[26/11/2012 14:35:14] /desprender god
[26/11/2012 14:36:27] /reload talkactions
[26/11/2012 14:36:29] /prender god
[26/11/2012 14:36:31] /desprender
[26/11/2012 14:36:33] /desprender god
[26/11/2012 14:36:41] /desprender abreu
[26/11/2012 14:36:44] /prender abreu
[26/11/2012 14:39:37] /prender god
[26/11/2012 14:39:53] /desprender god
[26/11/2012 14:39:57] /desprender god
[26/11/2012 14:40:15] /prender god, 10
[26/11/2012 14:40:21] /prender god
[26/11/2012 14:40:35] /prender god
[26/11/2012 14:40:51] /prender god, 30
[26/11/2012 14:41:37] /prender god
[26/11/2012 14:45:14] /prender god
[26/11/2012 14:45:52] /prender god, 10
[26/11/2012 14:50:14] /shutdown
[26/11/2012 14:56:7] /reload talkactions
[26/11/2012 15:2:44] /reload talkactions
[26/11/2012 15:3:38] /reload talkactions
[26/11/2012 15:9:50] /reload talkactions
[26/11/2012 15:10:21] /reload talk
[26/11/2012 15:14:58] /reload talkactions
[26/11/2012 15:15:28] /reload talkactions
[26/11/2012 15:16:17] /reload talkactions
[26/11/2012 15:28:56] /reload talkactions
[26/11/2012 15:29:37] /reload talkactions
[26/11/2012 15:30:24] /reload talkactions
[26/11/2012 15:30:43] /reload talkactions
[26/11/2012 15:32:5] /shutdown
[26/11/2012 15:33:48] /reload talkactions
[26/11/2012 15:37:45] /reload talk
[26/11/2012 15:37:47] /prender
[26/11/2012 15:37:49] /prender god
[26/11/2012 15:37:53] /desprender god
[26/11/2012 16:8:14] /reload tal
[26/11/2012 16:8:17] /reload talk
[26/11/2012 16:11:20] /reload talk
[26/11/2012 16:12:13] /reload talk
[26/11/2012 16:13:0] /reload talk
[26/11/2012 16:15:33] /reload talk
[26/11/2012 16:22:45] /reload talk
[26/11/2012 16:24:21] /reload talk
[26/11/2012 16:25:34] /shutdown
[26/11/2012 16:30:27] /reload talk
[26/11/2012 16:32:11] /shutdown
[26/11/2012 16:41:23] /prender god
[26/11/2012 16:41:28] /desprender god
[5/12/2012 0:3:54] /t
[5/12/2012 11:53:50] /addskill teste, level, 160
[5/12/2012 11:54:2] /addskill teste, level, 1
[5/12/2012 11:54:53] /addskill teste, level, -2
[24/12/2012 17:37:45] /down
[24/12/2012 17:37:49] /a 2
[24/12/2012 17:38:11] /r
[24/12/2012 17:38:13] /r
[24/12/2012 17:38:13] /r
[24/12/2012 18:21:30] /shutdown
[24/12/2012 18:38:21] /p check god
[24/12/2012 18:38:24] /p check, god
[24/12/2012 18:38:54] /p del
[24/12/2012 18:39:5] /p del, 2674, god
[24/12/2012 18:39:7] /p del, 2674, god
[24/12/2012 18:39:9] /p del, 2674, god, 1
[24/12/2012 18:39:15] /p del, 2674, god, 1
[24/12/2012 18:39:17] /p del, 2674, god, 1
[24/12/2012 18:39:25] /p check
[24/12/2012 18:39:27] /p check, 100
[24/12/2012 18:39:39] /p verificar, 2160
[24/12/2012 18:40:27] /e open
[24/12/2012 18:40:33] /e close
[24/12/2012 18:41:3] /c adriel
[24/12/2012 18:41:12] /down
[24/12/2012 18:41:17] /a 2
[24/12/2012 18:41:20] /c ariel
[24/12/2012 18:41:29] /c Adriel
[24/12/2012 18:42:11] /c Adriel
[24/12/2012 18:42:33] /c Adriel
[24/12/2012 18:43:33] /p check adriel
[24/12/2012 18:43:42] /p check, adriel
[24/12/2012 18:44:10] /p del, 2160m adriel
[24/12/2012 18:44:16] /p del, 2160, adriel
[24/12/2012 18:44:43] /promote Adriel
[24/12/2012 18:44:44] /promote Adriel
[24/12/2012 18:44:44] /promote Adriel
[24/12/2012 18:44:44] /promote Adriel
[24/12/2012 18:44:45] /promote Adriel
[24/12/2012 18:48:39] /attr tutorial 1
[24/12/2012 18:48:45] /attr tutorial 2
[24/12/2012 18:48:54] /attr tutorial 3
[24/12/2012 18:49:2] /attr tutorial 4
[24/12/2012 18:49:7] /attr tutorial 5
[24/12/2012 18:49:10] /attr tutorial 6
[24/12/2012 18:49:12] /attr tutorial 7
[24/12/2012 18:49:24] /attr tutorial 8
[24/12/2012 18:49:29] /attr tutorial 10
[24/12/2012 18:49:40] /attr tutorial 33
[24/12/2012 18:50:15] /shutdown
[24/12/2012 18:51:34] /reload npcs
[24/12/2012 18:51:37] /goto oldrack
[24/12/2012 18:51:38] /goto oldrak
[24/12/2012 18:53:20] /reload npcs
[24/12/2012 19:1:20] /t
[24/12/2012 19:1:38] /p check, 1
[24/12/2012 19:1:40] /p check,
[24/12/2012 19:1:45] /p check, god
[24/12/2012 19:2:19] /p del, 2160, god
[24/12/2012 19:3:8] /reload talkactions
[24/12/2012 19:3:12] /p del, 2160, god
[24/12/2012 19:11:57] /p check, god
[24/12/2012 19:12:10] /p del, 2160, god
[24/12/2012 19:15:18] /p check, god
[24/12/2012 19:15:41] /p del, 2160, god
[24/12/2012 19:17:34] /reload talkactions
[24/12/2012 19:17:38] /p del, 2160, god
[24/12/2012 19:17:40] /p del, 2160, god
[24/12/2012 19:17:46] /p del, 2160, god, 100
[24/12/2012 19:17:49] /p del, 2160, god, 99
[24/12/2012 19:18:2] /p del, 2160, god, 99
[24/12/2012 19:18:8] /p del, 2160
[24/12/2012 19:18:11] /p del, 2160, god
[24/12/2012 19:20:12] /p del, 2160, god
[24/12/2012 19:20:18] /p del, 2160, god, 1
[24/12/2012 19:22:25] /shutdown
[24/12/2012 19:25:26] /p del, 2160, god
[24/12/2012 19:25:29] /p del, 2160, god, 1
[24/12/2012 19:25:30] /p del, 2160, god, 1
[24/12/2012 19:25:33] /p del, 2160, god, 99
[24/12/2012 19:26:15] /reload talkactions
[24/12/2012 19:26:20] /p del, 2160, god
[24/12/2012 19:26:23] /p del, 2160, god, 99
[24/12/2012 19:26:50] /shutdown
[24/12/2012 19:28:44] /p del, 2160, god
[24/12/2012 19:28:50] /p del, 2160, god
[24/12/2012 19:28:52] /p del, 2160, god, 9
[24/12/2012 19:29:15] /reload talkactions
[24/12/2012 19:29:19] /p del, 2160, god
[24/12/2012 19:30:35] /reload talkactions
[24/12/2012 19:30:43] /p del, 2160, god
[24/12/2012 19:30:46] /p del, 2160, god
[24/12/2012 19:30:56] /p del, 2160, god, 20
[24/12/2012 19:31:0] /p del, 2160, god, 60
[24/12/2012 19:31:55] /reload talk
[24/12/2012 19:32:2] /p del, 2160, god
[24/12/2012 19:32:3] /p del, 2160, god
[24/12/2012 19:32:6] /p del, 2160, god, 10
[24/12/2012 19:32:7] /p del, 2160, god, 10
[24/12/2012 19:32:8] /p del, 2160, god, 10
[24/12/2012 19:32:38] /shutdown
[25/12/2012 17:41:18] /p check, god
[25/12/2012 17:41:37] /p del, 2160, 1
[25/12/2012 17:41:39] /p del, 2160, 1
[25/12/2012 17:41:42] /p del, 2160, god, 1
[25/12/2012 17:41:43] /p del, 2160, god, 1
[25/12/2012 17:41:45] /p del, 2160, god
[25/12/2012 17:42:29] /reload talkactions
[25/12/2012 17:42:49] /reload talkactions
[25/12/2012 17:43:30] /reload talkactions
[25/12/2012 17:43:33] /p
[25/12/2012 17:43:38] /p del, 2160, god
[25/12/2012 17:43:40] /p del, 2160, god
[25/12/2012 17:43:42] /p del, 2160, god, 1
[25/12/2012 17:43:43] /p del, 2160, god, 1
[25/12/2012 17:43:44] /p del, 2160, god, 2
[25/12/2012 17:43:46] /p del, 2160, god, 5
[25/12/2012 17:43:52] /p del, 2160, god, 54
[25/12/2012 17:44:24] /i 2160
[25/12/2012 17:44:43] /reload talkactions
[25/12/2012 17:44:47] /p del, 2160, god
[25/12/2012 17:44:48] /p del, 2160, god
[25/12/2012 17:44:50] /p del, 2160, god
[25/12/2012 17:44:51] /p del, 2160, god, 1
[25/12/2012 17:44:54] /p del, 2160, god, 2
[25/12/2012 17:44:55] /p del, 2160, god, 3
[25/12/2012 17:44:57] /p del, 2160, god
[25/12/2012 17:44:58] /p del, 2160, god
[25/12/2012 17:44:59] /p del, 2160, god
[25/12/2012 17:45:14] /p del, 2160, god
[25/12/2012 17:45:37] /reload talkactions
[25/12/2012 17:45:45] /p del, 2160, god
[25/12/2012 17:45:46] /p del, 2160, god
[25/12/2012 17:45:46] /p del, 2160, god
[25/12/2012 17:45:46] /p del, 2160, god
[25/12/2012 17:45:47] /p del, 2160, god
[25/12/2012 17:46:52] /reload talk]
[25/12/2012 17:46:59] /p del, 2160, god
[25/12/2012 17:47:0] /p del, 2160, god
[25/12/2012 17:47:1] /p del, 2160, god
[25/12/2012 17:47:4] /p del, 2160, god, 1
[25/12/2012 17:47:27] /p del, 2160, god, 100
[25/12/2012 17:47:29] /p del, 2160, god, 100
[25/12/2012 17:48:10] /p del, 2160, god,
[25/12/2012 17:48:50] /p del, 2160, god
[25/12/2012 17:48:51] /p del, 2160, god
[25/12/2012 17:48:52] /p del, 2160, god
[25/12/2012 17:48:54] /p del, 2160, god,
[25/12/2012 17:48:55] /p del, 2160, god,
[25/12/2012 17:48:59] /reload talk
[25/12/2012 17:49:6] /p del, 2160, god
[25/12/2012 17:49:7] /p del, 2160, god
[25/12/2012 17:49:8] /p del, 2160, god
[25/12/2012 17:49:42] /reload talk
[25/12/2012 17:49:45] /p del, 2160, god
[25/12/2012 17:49:47] /p del, 2160, god
[25/12/2012 17:50:8] /p del, 2160, god
[25/12/2012 17:50:9] /p del, 2160, god
[25/12/2012 17:50:10] /p del, 2160, god
[25/12/2012 17:51:0] /reload talk
[25/12/2012 17:51:4] /p del, 2160, god
[25/12/2012 17:51:5] /p del, 2160, god
[25/12/2012 17:51:6] /p del, 2160, god
[25/12/2012 17:51:7] /p del, 2160, god
[25/12/2012 17:51:10] /p del, 2160, god
[25/12/2012 17:51:11] /p del, 2160, god
[25/12/2012 17:51:15] /p del, 2160, god,
[25/12/2012 17:51:42] /p del, 2160, god
[25/12/2012 17:51:42] /p del, 2160, god
[25/12/2012 17:51:43] /p del, 2160, god
[25/12/2012 17:51:44] /p del, 2160, god
[25/12/2012 17:51:45] /p del, 2160, god,
[25/12/2012 17:51:46] /p del, 2160, god,
[25/12/2012 17:51:48] /reload talk
[25/12/2012 17:51:51] /p del, 2160, god
[25/12/2012 17:51:52] /p del, 2160, god
[25/12/2012 17:51:55] /p del, 2160, god, 1
[25/12/2012 17:51:58] /p del, 2160, god, 2
[25/12/2012 17:52:0] /p del, 2160, god, 5
[25/12/2012 17:52:42] /reload talk
[25/12/2012 17:52:55] /p del, 2160, god
[25/12/2012 17:52:59] /p del, 2160, god, 5
[25/12/2012 17:53:1] /p del, 2160, god, 5
[25/12/2012 17:53:1] /p del, 2160, god, 5
[25/12/2012 17:53:4] /p del, 2160, god
[25/12/2012 17:53:25] /shutdown
[25/12/2012 17:56:36] /p del, 2160, god, 70
[25/12/2012 17:56:42] /p del, 2160, god
[25/12/2012 17:56:48] /p del, 2160, god
[25/12/2012 17:56:51] /p del, 2160, god, 1
[25/12/2012 17:56:52] /p del, 2160, god, 5
[25/12/2012 17:58:9] /shutdown
[25/12/2012 18:4:41] /p del, 2160, god
[25/12/2012 18:6:47] /shutdown
[25/12/2012 18:8:57] /p del, 2160, god
[25/12/2012 18:8:58] /p del, 2160, god
[25/12/2012 18:9:0] /p del, 2160, god, 1
[25/12/2012 18:9:1] /p del, 2160, god, 34
[25/12/2012 18:9:49] /reload talkactions
[25/12/2012 18:9:53] /p del, 2160, god
[25/12/2012 18:9:54] /p del, 2160, god
[25/12/2012 18:9:59] /p del, 2160, god, 
[25/12/2012 18:10:3] /p del, 2160, god, 3~
[25/12/2012 18:10:4] /p del, 2160, god, 3
[25/12/2012 18:10:5] /p del, 2160, god, 3
[25/12/2012 18:11:14] /reload talkactions
[25/12/2012 18:11:19] /p del, 2160, god
[25/12/2012 18:11:22] /p del, 2160, god, 2
[25/12/2012 18:12:44] /reload talk
[25/12/2012 18:12:48] /p del, 2160, god
[25/12/2012 18:12:49] /p del, 2160, god
[25/12/2012 18:12:53] /p del, 2160, god, 1
[25/12/2012 18:12:56] /p del, 2160, god, 2
[25/12/2012 18:12:57] /p del, 2160, god, 7
[25/12/2012 18:13:2] /p del, 2160, god, 60
[25/12/2012 18:13:3] /p del, 2160, god, 60
[25/12/2012 18:13:9] /p del, 2160, god, 60
[25/12/2012 18:13:35] /shutdown
[25/12/2012 18:20:24] /p del, 2160, god
[25/12/2012 18:20:26] /p del, 2160, god, 5
[25/12/2012 18:21:8] /reload talkactions
[25/12/2012 18:21:10] /p del, 2160, god, 5
[25/12/2012 18:21:10] /p del, 2160, god, 5
[25/12/2012 18:22:6] /p search, 2160
[25/12/2012 18:23:45] /shutdown
[25/12/2012 18:32:23] /p del, 2160, god
[25/12/2012 18:32:24] /p del, 2160, god
[25/12/2012 18:32:29] /p del, 2160, god, 5
[25/12/2012 18:32:46] /reload talk
[25/12/2012 18:32:48] /p del, 2160, god
[25/12/2012 18:32:49] /p del, 2160, god
[25/12/2012 18:32:52] /p del, 2160, god, 5
[25/12/2012 18:32:54] /p del, 2160, god
[25/12/2012 18:33:7] /p del, 1555, god
[25/12/2012 18:33:10] /p del, 1555, god
[25/12/2012 18:33:54] /reload talk
[25/12/2012 18:34:0] /p del, 184211, god
[25/12/2012 18:34:2] /p del, 184211, god
[25/12/2012 18:34:35] /reload talk
[25/12/2012 18:34:37] /p del, 184211, god
[25/12/2012 18:34:43] /p del, 2160, god
[25/12/2012 18:34:45] /p del, 2160, god
[25/12/2012 18:35:8] /reload talk
[25/12/2012 18:35:10] /p del, 2160, god
[25/12/2012 18:35:13] /p del, 184211, god
[25/12/2012 18:35:18] /p del, 184211, god
[25/12/2012 18:37:5] /shutdown
[25/12/2012 18:38:18] /reload talkactions
[25/12/2012 18:38:25] /p del, 2160, god
[25/12/2012 18:38:29] /p del, 2160, god, 1
[25/12/2012 18:38:41] /reload talkactions
[25/12/2012 18:38:43] /p del, 2160, god, 1
[25/12/2012 18:38:45] /p del, 2160, god
[25/12/2012 18:38:48] /p del, 2160, god, 50
[25/12/2012 18:39:6] /reload talkactions
[25/12/2012 18:39:14] /p del, 2160, god, 60
[25/12/2012 18:39:16] /p del, 2160, god
[25/12/2012 18:39:18] /p del, 2160, god
[25/12/2012 18:39:19] /p del, 2160, god
[25/12/2012 18:39:20] /p del, 2160, god
[25/12/2012 18:39:23] /p del, 2160, god
[25/12/2012 18:39:33] /p del, 2160, god, 60
[25/12/2012 18:39:37] /p del, 2160, god, 33
[25/12/2012 18:39:45] /i 2160
[25/12/2012 18:39:49] /p del, 2160, god, 10
[25/12/2012 18:39:53] /p del, 2160, god, 80
[25/12/2012 18:40:24] /reload talkactions
[25/12/2012 18:40:29] /p del, 2160, god,
[25/12/2012 18:40:30] /p del, 2160, god
[25/12/2012 18:40:33] /i 2160
[25/12/2012 18:40:35] /p del, 2160, god
[25/12/2012 18:40:35] /p del, 2160, god
[25/12/2012 18:40:36] /p del, 2160, god
[25/12/2012 18:40:36] /p del, 2160, god
[25/12/2012 18:40:37] /p del, 2160, god
[25/12/2012 18:40:37] /p del, 2160, god
[25/12/2012 18:40:37] /p del, 2160, god
[25/12/2012 18:40:38] /p del, 2160, god
[25/12/2012 18:40:38] /p del, 2160, god
[25/12/2012 18:40:39] /p del, 2160, god
[25/12/2012 18:40:42] /p del, 2160, god, 10
[25/12/2012 18:40:43] /p del, 2160, god, 10
[25/12/2012 18:40:43] /p del, 2160, god, 10
[25/12/2012 18:40:44] /p del, 2160, god, 10
[25/12/2012 18:40:47] /p del, 2160, god, 60
[25/12/2012 18:40:50] /p del, 2160, god, 51
[25/12/2012 18:40:52] /p del, 2160, god, 50
[25/12/2012 18:40:55] /i 2160
[25/12/2012 18:41:2] /shutdown
[25/12/2012 19:21:17] /addskill god, level, 10
[25/12/2012 19:21:18] /addskill god, level, 10
[25/12/2012 19:21:18] /addskill god, level, 10
[25/12/2012 19:21:19] /addskill god, level, 10
[25/12/2012 19:21:19] /addskill god, level, 10
[25/12/2012 19:21:20] /addskill god, level, 10
[25/12/2012 19:21:22] /addskill god, level, 5
[25/12/2012 19:21:27] /t
[25/12/2012 19:25:25] /t
[25/12/2012 19:25:27] /t
[25/12/2012 19:26:35] /reload talkactions
[25/12/2012 19:26:46] /reload talkactions
[25/12/2012 19:27:16] /shutdown
[25/12/2012 22:28:22] /promote Eratsu
[25/12/2012 22:28:22] /promote Eratsu
[25/12/2012 22:28:22] /promote Eratsu
[25/12/2012 22:28:23] /promote Eratsu
[25/12/2012 22:28:26] /kick Eratsu
[25/12/2012 22:28:43] /e open
[25/12/2012 22:28:47] /e close
[25/12/2012 22:29:7] /c eratsu
[25/12/2012 22:30:24] /down
[25/12/2012 22:30:26] /a 2
[25/12/2012 22:33:7] /tp
[25/12/2012 22:33:13] /goto Eratsu
[25/12/2012 22:33:18] /goto Eratsu
[25/12/2012 22:33:19] /goto Eratsu
[25/12/2012 22:33:23] /goto Eratsu
[25/12/2012 22:33:39] /goto Eratsu
[25/12/2012 22:35:2] /goto Eratsu
[25/12/2012 22:36:24] /ban
[25/12/2012 22:38:21] /goto eratsu
[25/12/2012 22:38:26] /goto eratsu
[25/12/2012 22:38:28] /goto eratsu
[25/12/2012 22:38:28] /goto eratsu
[25/12/2012 22:38:32] /town
[25/12/2012 22:39:34] /goto Eratsu
[25/12/2012 22:40:31] /promote Eratsu
[25/12/2012 22:40:33] /r
[25/12/2012 22:43:56] /t
[25/12/2012 22:44:2] /e close
[25/12/2012 22:44:31] /c eratsu
[25/12/2012 22:44:45] /c eratsu
[25/12/2012 22:44:46] /c eratsu
[25/12/2012 22:44:47] /c eratsu
[25/12/2012 22:44:56] /goto eratsu
[25/12/2012 22:57:14] /shutdown
