[7/11/2012 14:6:48] /goto god
[7/11/2012 14:7:16] /goto god
[7/11/2012 14:7:53] /goto god
[7/11/2012 14:9:32] /goto god
[7/11/2012 14:12:47] /t
[7/11/2012 14:16:23] /up
[7/11/2012 14:17:3] /t
[7/11/2012 14:20:52] /t
[7/11/2012 14:21:14] /raid ferumbras
[7/11/2012 14:21:38] /goto ferumbras
[7/11/2012 14:21:55] /goto ferumbras
[7/11/2012 14:23:31] /goto ferumbras
[7/11/2012 14:23:41] /goto ferumbras
[7/11/2012 14:23:44] /goto ferumbras
[7/11/2012 14:25:45] /goto Oldrak
[7/11/2012 14:25:51] /i 2160
[7/11/2012 14:27:25] /addskill Kils, level
[7/11/2012 14:27:26] /addskill Kils, level
[7/11/2012 14:27:26] /addskill Kils, level
[7/11/2012 14:27:26] /addskill Kils, level
[7/11/2012 14:27:26] /addskill Kils, level
[7/11/2012 14:27:26] /addskill Kils, level
[7/11/2012 14:27:26] /addskill Kils, level
[7/11/2012 14:27:26] /addskill Kils, level
[7/11/2012 14:27:26] /addskill Kils, level
[7/11/2012 14:27:27] /addskill Kils, level
[7/11/2012 14:27:27] /addskill Kils, level
[7/11/2012 14:27:27] /addskill Kils, level
[7/11/2012 14:27:27] /addskill Kils, level
[7/11/2012 14:27:27] /addskill Kils, level
[7/11/2012 14:27:27] /addskill Kils, level
[7/11/2012 14:27:28] /addskill Kils, level
[7/11/2012 14:27:28] /addskill Kils, level
[7/11/2012 14:27:28] /addskill Kils, level
[7/11/2012 14:27:28] /addskill Kils, level
[7/11/2012 14:27:29] /addskill Kils, level
[7/11/2012 14:27:29] /addskill Kils, level
[7/11/2012 14:27:30] /addskill Kils, level
[7/11/2012 14:27:31] /addskill Kils, level
[7/11/2012 14:27:31] /addskill Kils, level
[7/11/2012 14:27:32] /addskill Kils, level
[7/11/2012 14:27:32] /addskill Kils, level
[7/11/2012 14:27:33] /addskill Kils, level
[7/11/2012 14:27:33] /addskill Kils, level
[7/11/2012 14:27:34] /addskill Kils, level
[7/11/2012 14:27:34] /addskill Kils, level
[7/11/2012 14:27:35] /addskill Kils, level
[7/11/2012 14:27:35] /addskill Kils, level
[7/11/2012 14:27:35] /addskill Kils, level
[7/11/2012 14:27:36] /addskill Kils, level
[7/11/2012 14:27:36] /addskill Kils, level
[7/11/2012 14:27:36] /addskill Kils, level
[7/11/2012 14:27:37] /addskill Kils, level
[7/11/2012 14:27:37] /addskill Kils, level
[7/11/2012 14:27:38] /addskill Kils, level
[7/11/2012 14:27:38] /addskill Kils, level
[7/11/2012 14:27:38] /addskill Kils, level
[7/11/2012 14:27:39] /addskill Kils, level
[7/11/2012 14:27:39] /addskill Kils, level
[7/11/2012 14:27:39] /addskill Kils, level
[7/11/2012 14:27:40] /addskill Kils, level
[7/11/2012 14:27:40] /addskill Kils, level
[7/11/2012 14:27:41] /addskill Kils, level
[7/11/2012 14:27:41] /addskill Kils, level
[7/11/2012 14:27:42] /addskill Kils, level
[7/11/2012 14:27:43] /addskill Kils, level
[7/11/2012 14:27:44] /addskill Kils, level
[7/11/2012 14:27:45] /addskill Kils, level
[7/11/2012 14:27:46] /addskill Kils, level
[7/11/2012 14:27:46] /addskill Kils, level
[7/11/2012 14:27:46] /addskill Kils, level
[7/11/2012 14:27:46] /addskill Kils, level
[7/11/2012 14:27:47] /addskill Kils, level
[7/11/2012 14:27:47] /addskill Kils, level
[7/11/2012 14:27:47] /addskill Kils, level
[7/11/2012 14:27:47] /addskill Kils, level
[7/11/2012 14:27:47] /addskill Kils, level
[7/11/2012 14:27:47] /addskill Kils, level
[7/11/2012 14:27:48] /addskill Kils, level
[7/11/2012 14:27:48] /addskill Kils, level
[7/11/2012 14:27:48] /addskill Kils, level
[7/11/2012 14:27:48] /addskill Kils, level
[7/11/2012 14:27:48] /addskill Kils, level
[7/11/2012 14:27:48] /addskill Kils, level
[7/11/2012 14:27:49] /addskill Kils, level
[7/11/2012 14:27:49] /addskill Kils, level
[7/11/2012 14:27:49] /addskill Kils, level
[7/11/2012 14:27:49] /addskill Kils, level
[7/11/2012 14:27:49] /addskill Kils, level
[7/11/2012 14:27:49] /addskill Kils, level
[7/11/2012 14:27:50] /addskill Kils, level
[7/11/2012 14:27:50] /addskill Kils, level
[7/11/2012 14:27:50] /addskill Kils, level
[7/11/2012 14:27:50] /addskill Kils, level
[7/11/2012 14:27:50] /addskill Kils, level
[7/11/2012 14:27:50] /addskill Kils, level
[7/11/2012 14:27:50] /addskill Kils, level
[7/11/2012 14:27:51] /addskill Kils, level
[7/11/2012 14:27:51] /addskill Kils, level
[7/11/2012 14:27:51] /addskill Kils, level
[7/11/2012 14:27:51] /addskill Kils, level
[7/11/2012 14:27:52] /addskill Kils, level
[7/11/2012 14:27:52] /addskill Kils, level
[7/11/2012 14:27:52] /addskill Kils, level
[7/11/2012 14:27:52] /addskill Kils, level
[7/11/2012 14:27:52] /addskill Kils, level
[7/11/2012 14:27:52] /addskill Kils, level
[7/11/2012 14:27:52] /addskill Kils, level
[7/11/2012 14:27:52] /addskill Kils, level
[7/11/2012 14:27:53] /addskill Kils, level
[7/11/2012 14:27:53] /addskill Kils, level
[7/11/2012 14:27:53] /addskill Kils, level
[7/11/2012 14:27:53] /addskill Kils, level
[7/11/2012 14:27:53] /addskill Kils, level
[7/11/2012 14:27:53] /addskill Kils, level
[7/11/2012 14:27:54] /addskill Kils, level
[7/11/2012 14:27:54] /addskill Kils, level
[7/11/2012 14:27:54] /addskill Kils, level
[7/11/2012 14:27:54] /addskill Kils, level
[7/11/2012 14:27:54] /addskill Kils, level
[7/11/2012 14:27:54] /addskill Kils, level
[7/11/2012 14:27:54] /addskill Kils, level
[7/11/2012 14:27:55] /addskill Kils, level
[7/11/2012 14:27:55] /addskill Kils, level
[7/11/2012 14:27:55] /addskill Kils, level
[7/11/2012 14:27:55] /addskill Kils, level
[7/11/2012 14:27:55] /addskill Kils, level
[7/11/2012 14:27:56] /addskill Kils, level
[7/11/2012 14:27:56] /addskill Kils, level
[7/11/2012 14:27:56] /addskill Kils, level
[7/11/2012 14:27:56] /addskill Kils, level
[7/11/2012 14:27:56] /addskill Kils, level
[7/11/2012 14:27:56] /addskill Kils, level
[7/11/2012 14:27:57] /addskill Kils, level
[7/11/2012 14:27:57] /addskill Kils, level
[7/11/2012 14:27:57] /addskill Kils, level
[7/11/2012 14:27:57] /addskill Kils, level
[7/11/2012 14:27:57] /addskill Kils, level
[7/11/2012 14:27:57] /addskill Kils, level
[7/11/2012 14:27:57] /addskill Kils, level
[7/11/2012 14:27:57] /addskill Kils, level
[7/11/2012 14:27:59] /addskill Kils, level
[7/11/2012 14:27:59] /addskill Kils, level
[7/11/2012 14:27:59] /addskill Kils, level
[7/11/2012 14:27:59] /addskill Kils, level
[7/11/2012 14:27:59] /addskill Kils, level
[7/11/2012 14:27:59] /addskill Kils, level
[7/11/2012 14:27:59] /addskill Kils, level
[7/11/2012 14:27:59] /addskill Kils, level
[7/11/2012 14:27:59] /addskill Kils, level
[7/11/2012 14:27:59] /addskill Kils, level
[7/11/2012 14:27:59] /addskill Kils, level
[7/11/2012 14:27:59] /addskill Kils, level
[7/11/2012 14:28:0] /addskill Kils, level
[7/11/2012 14:28:0] /addskill Kils, level
[7/11/2012 14:28:0] /addskill Kils, level
[7/11/2012 14:28:0] /addskill Kils, level
[7/11/2012 14:28:0] /addskill Kils, level
[7/11/2012 14:28:0] /addskill Kils, level
[7/11/2012 14:28:0] /addskill Kils, level
[7/11/2012 14:28:0] /addskill Kils, level
[7/11/2012 14:28:0] /addskill Kils, level
[7/11/2012 14:28:0] /addskill Kils, level
[7/11/2012 14:28:1] /addskill Kils, level
[7/11/2012 14:28:1] /addskill Kils, level
[7/11/2012 14:28:2] /addskill Kils, level
[7/11/2012 14:28:2] /addskill Kils, level
[7/11/2012 14:28:2] /addskill Kils, level
[7/11/2012 14:28:2] /addskill Kils, level
[7/11/2012 14:28:2] /addskill Kils, level
[7/11/2012 14:28:2] /addskill Kils, level
[7/11/2012 14:28:2] /addskill Kils, level
[7/11/2012 14:28:2] /addskill Kils, level
[7/11/2012 14:28:3] /addskill Kils, level
[7/11/2012 14:28:3] /addskill Kils, level
[7/11/2012 14:28:3] /addskill Kils, level
[7/11/2012 14:28:3] /addskill Kils, level
[7/11/2012 14:28:3] /addskill Kils, level
[7/11/2012 14:28:4] /addskill Kils, level
[7/11/2012 14:28:4] /addskill Kils, level
[7/11/2012 14:28:4] /addskill Kils, level
[7/11/2012 14:28:4] /addskill Kils, level
[7/11/2012 14:28:4] /addskill Kils, level
[7/11/2012 14:28:4] /addskill Kils, level
[7/11/2012 14:28:4] /addskill Kils, level
[7/11/2012 14:28:4] /addskill Kils, level
[7/11/2012 14:28:5] /addskill Kils, level
[7/11/2012 14:28:5] /addskill Kils, level
[7/11/2012 14:28:5] /addskill Kils, level
[7/11/2012 14:28:5] /addskill Kils, level
[7/11/2012 14:28:5] /addskill Kils, level
[7/11/2012 14:28:6] /addskill Kils, level
[7/11/2012 14:28:6] /addskill Kils, level
[7/11/2012 14:28:6] /addskill Kils, level
[7/11/2012 14:28:6] /addskill Kils, level
[7/11/2012 14:28:7] /addskill Kils, level
[7/11/2012 14:28:7] /addskill Kils, level
[7/11/2012 14:28:7] /addskill Kils, level
[7/11/2012 14:28:7] /addskill Kils, level
[7/11/2012 14:28:7] /addskill Kils, level
[7/11/2012 14:28:7] /addskill Kils, level
[7/11/2012 14:28:8] /addskill Kils, level
[7/11/2012 14:28:8] /addskill Kils, level
[7/11/2012 14:28:8] /addskill Kils, level
[7/11/2012 14:28:8] /addskill Kils, level
[7/11/2012 14:28:8] /addskill Kils, level
[7/11/2012 14:28:8] /addskill Kils, level
[7/11/2012 14:28:9] /addskill Kils, level
[7/11/2012 14:28:9] /addskill Kils, level
[7/11/2012 14:28:9] /addskill Kils, level
[7/11/2012 14:28:9] /addskill Kils, level
[7/11/2012 14:28:9] /addskill Kils, level
[7/11/2012 14:29:11] /t
[7/11/2012 14:29:59] /t
[7/11/2012 14:30:1] /goto god
[7/11/2012 14:30:29] /goto ferumbras
[7/11/2012 14:31:56] /goto ferumbras
[7/11/2012 14:34:31] /a 30
[7/11/2012 14:34:32] /a 30
[7/11/2012 14:34:33] /a 30
[7/11/2012 14:34:33] /a 30
[7/11/2012 14:34:36] /down
[7/11/2012 14:34:37] /a 30
[7/11/2012 14:34:38] /a 30
[7/11/2012 14:34:40] /a 30
[7/11/2012 14:34:41] /a 30
[7/11/2012 14:35:2] /a 30
[7/11/2012 14:35:39] /down
[7/11/2012 14:35:56] /down
[7/11/2012 14:36:4] /c god
[7/11/2012 14:36:8] /c god
[7/11/2012 14:36:24] /down
[7/11/2012 14:36:38] /down
[7/11/2012 14:36:40] /a 50
[7/11/2012 14:36:44] /a 50
[7/11/2012 14:36:49] /a 5
[7/11/2012 14:36:50] /a 5
[7/11/2012 14:36:53] /a 5
[7/11/2012 14:37:45] /goto god
[7/11/2012 14:39:23] /t
[7/11/2012 14:39:27] /down
[7/11/2012 14:39:30] /a 60
[7/11/2012 14:39:33] /a 60
[7/11/2012 14:40:0] /goto god
[7/11/2012 14:40:19] /addskill Kils, level
[7/11/2012 14:40:32] /addskill Kils, level
[7/11/2012 14:41:58] /addskill Kils, magic
[7/11/2012 14:41:59] /addskill Kils, magic
[7/11/2012 14:42:0] /addskill Kils, magic
[7/11/2012 14:42:0] /addskill Kils, magic
[7/11/2012 14:42:0] /addskill Kils, magic
[7/11/2012 14:42:0] /addskill Kils, magic
[7/11/2012 14:42:1] /addskill Kils, magic
[7/11/2012 14:42:2] /addskill Kils, magic
[7/11/2012 14:42:2] /addskill Kils, magic
[7/11/2012 14:42:2] /addskill Kils, magic
[7/11/2012 14:42:2] /addskill Kils, magic
[7/11/2012 14:42:2] /addskill Kils, magic
[7/11/2012 14:42:2] /addskill Kils, magic
[7/11/2012 14:42:3] /addskill Kils, magic
[7/11/2012 14:42:3] /addskill Kils, magic
[7/11/2012 14:42:3] /addskill Kils, magic
[7/11/2012 14:42:3] /addskill Kils, magic
[7/11/2012 14:42:3] /addskill Kils, magic
[7/11/2012 14:42:3] /addskill Kils, magic
[7/11/2012 14:42:3] /addskill Kils, magic
[7/11/2012 14:42:4] /addskill Kils, magic
[7/11/2012 14:42:4] /addskill Kils, magic
[7/11/2012 14:42:4] /addskill Kils, magic
[7/11/2012 14:42:13] /addskill Kils, magic
[7/11/2012 14:42:13] /addskill Kils, magic
[7/11/2012 14:42:14] /addskill Kils, magic
[7/11/2012 14:42:14] /addskill Kils, magic
[7/11/2012 14:42:14] /addskill Kils, magic
[7/11/2012 14:42:14] /addskill Kils, magic
[7/11/2012 14:42:14] /addskill Kils, magic
[7/11/2012 14:42:14] /addskill Kils, magic
[7/11/2012 14:42:14] /addskill Kils, magic
[7/11/2012 14:42:14] /addskill Kils, magic
[7/11/2012 14:42:27] /goto god
[7/11/2012 14:46:18] /addskill Kils, magic
[7/11/2012 14:46:18] /addskill Kils, magic
[7/11/2012 14:46:18] /addskill Kils, magic
[7/11/2012 14:46:18] /addskill Kils, magic
[7/11/2012 14:46:19] /addskill Kils, magic
[7/11/2012 14:46:19] /addskill Kils, magic
[7/11/2012 14:46:19] /addskill Kils, magic
[7/11/2012 14:46:19] /addskill Kils, magic
[7/11/2012 14:47:45] /t
[7/11/2012 14:50:34] /t
[7/11/2012 14:50:40] /goto romario
[7/11/2012 14:51:47] /goto god
[7/11/2012 14:52:34] /i demon helmet
[7/11/2012 14:52:38] /i demon armor
[7/11/2012 14:52:48] /i demon sheild
[7/11/2012 14:52:52] /i demon shield
[7/11/2012 16:20:2] /goto gof
[7/11/2012 16:20:4] /goto god
[7/11/2012 16:20:51] /c god
[7/11/2012 16:33:38] /goto god
[7/11/2012 16:35:36] /newtype 521
[7/11/2012 16:36:12] /newtype 522
[7/11/2012 16:36:18] /newtype 526
[7/11/2012 16:36:21] /newtype 520
[7/11/2012 16:36:25] /newtype 523
[7/11/2012 16:36:57] /newtype 2160
