[7/11/2012 14:54:39] /kick GOD
[7/11/2012 14:57:23] /t
[7/11/2012 15:5:38] /a 3
[7/11/2012 15:9:11] /i newtype 522
[7/11/2012 15:9:13] /i newtype 521
[7/11/2012 15:9:17] /newtype 521
[7/11/2012 15:9:21] /newtype 522
[7/11/2012 15:9:23] /newtype 523
[7/11/2012 15:9:26] /newtype 520
[7/11/2012 15:9:29] /newtype 519
[7/11/2012 15:9:36] /newtype 518
[7/11/2012 15:9:44] /newtype 500
[7/11/2012 15:12:42] /owner Romario
[7/11/2012 15:13:13] /addskill Romario,level,200
[7/11/2012 16:31:56] /a 20
[7/11/2012 16:31:58] /a 20
[7/11/2012 16:32:2] /a 20
[7/11/2012 16:32:3] /a 20
[7/11/2012 16:32:6] /a 20
[7/11/2012 16:32:7] /a 20
[7/11/2012 16:32:7] /a 20
[7/11/2012 16:32:10] /a 20
[7/11/2012 16:32:10] /a 20
[7/11/2012 16:32:12] /a 20
[7/11/2012 16:32:16] /a 20
[7/11/2012 16:32:24] /a 20
[7/11/2012 16:32:29] /a 20
[7/11/2012 16:32:32] /a 20
[7/11/2012 16:33:5] /a 2
[7/11/2012 16:34:55] /a 3
[7/11/2012 16:35:0] /a 4
[7/11/2012 16:35:18] /info Kils
[7/11/2012 16:35:46] /newtype 522
[7/11/2012 16:42:59] /i backpack
[7/11/2012 16:50:20] /goto GOD
[7/11/2012 16:50:53] /i 2160
[7/11/2012 16:52:4] /i 2152
[7/11/2012 17:43:14] /goto god
[7/11/2012 17:47:5] /goto GOD
