[25/10/2012 17:58:12] /goto GOD
[25/10/2012 17:59:44] /goto GOD
[25/10/2012 18:0:19] /a 2
[25/10/2012 18:0:20] /a 2
[25/10/2012 18:2:7] /goto addoner
[25/10/2012 18:2:12] /t
[25/10/2012 18:2:33] /i c ryslta coin
[25/10/2012 18:2:47] /i crystal coin
[25/10/2012 18:2:48] /i crystal coin
[25/10/2012 18:5:0] /i tamming
[25/10/2012 18:5:28] /t
[25/10/2012 18:5:30] /goto GOD
[25/10/2012 18:5:34] /goto GOD
[25/10/2012 18:9:0] /goto izac
[25/10/2012 18:9:10] /goto GOD
[25/10/2012 18:9:30] /m martes 13
[25/10/2012 18:9:36] /r
[25/10/2012 18:9:40] /m Bazir
[25/10/2012 18:9:41] /r
[25/10/2012 18:9:50] /i dragon scale helmet
[25/10/2012 18:9:57] /i draken helmet
[25/10/2012 18:11:35] /goto GOD
[25/10/2012 18:11:47] /goto GOD
[25/10/2012 18:11:49] /goto GOD
[25/10/2012 18:11:50] /goto GOD
[25/10/2012 18:11:56] /goto GOD
[25/10/2012 18:11:58] /goto GOD
[25/10/2012 18:11:59] /goto GOD
[25/10/2012 18:12:0] /goto GOD
[25/10/2012 18:12:1] /goto GOD
[25/10/2012 18:12:33] /goto GOD
[25/10/2012 18:12:39] /goto GOD
[25/10/2012 18:12:46] /goto GOD
[25/10/2012 18:12:50] /goto GOD
[25/10/2012 18:12:54] /goto GOD
[25/10/2012 18:13:0] /goto GOD
[25/10/2012 18:13:3] /goto GOD
[25/10/2012 18:13:6] /goto GOD
[25/10/2012 18:13:9] /goto GOD
[25/10/2012 18:13:11] /goto GOD
[25/10/2012 18:13:16] /goto GOD
[25/10/2012 18:15:59] /a 3
[25/10/2012 18:16:2] /a 3
[25/10/2012 18:16:3] /a 3
[25/10/2012 18:16:3] /a 3
[25/10/2012 18:16:4] /a 3
[25/10/2012 18:16:5] /a 3
[25/10/2012 18:16:6] /a 3
[25/10/2012 18:16:26] /goto GOD
[25/10/2012 18:16:36] /t
